[0.007s] Invoking command in '/home/dynamic/Robo/ros2-custom-nav-stack/build/robot_description': CMAKE_PREFIX_PATH=${CMAKE_PREFIX_PATH}:/opt/ros/humble /usr/bin/cmake --build /home/dynamic/Robo/ros2-custom-nav-stack/build/robot_description -- -j20 -l20
[0.028s] -- Found ament_cmake: 1.3.12 (/opt/ros/humble/share/ament_cmake/cmake)
[0.141s] -- Found rclcpp: 16.0.15 (/opt/ros/humble/share/rclcpp/cmake)
[0.161s] -- Found rosidl_generator_c: 3.1.7 (/opt/ros/humble/share/rosidl_generator_c/cmake)
[0.162s] -- Found rosidl_adapter: 3.1.7 (/opt/ros/humble/share/rosidl_adapter/cmake)
[0.166s] -- Found rosidl_generator_cpp: 3.1.7 (/opt/ros/humble/share/rosidl_generator_cpp/cmake)
[0.172s] -- Using all available rosidl_typesupport_c: rosidl_typesupport_fastrtps_c;rosidl_typesupport_introspection_c
[0.180s] -- Using all available rosidl_typesupport_cpp: rosidl_typesupport_fastrtps_cpp;rosidl_typesupport_introspection_cpp
[0.201s] -- Found rmw_implementation_cmake: 6.1.2 (/opt/ros/humble/share/rmw_implementation_cmake/cmake)
[0.201s] -- Found rmw_fastrtps_cpp: 6.2.9 (/opt/ros/humble/share/rmw_fastrtps_cpp/cmake)
[0.271s] -- Using RMW implementation 'rmw_fastrtps_cpp' as default
[0.300s] -- Found sensor_msgs: 4.9.0 (/opt/ros/humble/share/sensor_msgs/cmake)
[0.317s] -- Found nav_msgs: 4.9.0 (/opt/ros/humble/share/nav_msgs/cmake)
[0.326s] -- Found std_srvs: 4.9.0 (/opt/ros/humble/share/std_srvs/cmake)
[0.332s] -- Found tf2: 0.25.16 (/opt/ros/humble/share/tf2/cmake)
[0.334s] -- Found tf2_ros: 0.25.17 (/opt/ros/humble/share/tf2_ros/cmake)
[0.382s] -- Found rclpy: 3.3.17 (/opt/ros/humble/share/rclpy/cmake)
[0.385s] -- Found ament_lint_auto: 0.12.14 (/opt/ros/humble/share/ament_lint_auto/cmake)
[0.432s] -- Added test 'cppcheck' to perform static code analysis on C / C++ code
[0.433s] -- Configured cppcheck include dirs: 
[0.433s] -- Configured cppcheck exclude dirs and/or files: 
[0.433s] -- Added test 'flake8' to check Python code syntax and style conventions
[0.433s] -- Added test 'lint_cmake' to check CMake code style
[0.434s] -- Added test 'pep257' to check Python code against some of the docstring style conventions in PEP 257
[0.434s] -- Added test 'uncrustify' to check C / C++ code style
[0.434s] -- Configured uncrustify additional arguments: 
[0.434s] -- Added test 'xmllint' to check XML markup files
[0.435s] -- Configuring done
[0.451s] -- Generating done
[0.457s] -- Build files have been written to: /home/dynamic/Robo/ros2-custom-nav-stack/build/robot_description
[0.479s] [35m[1mConsolidate compiler generated dependencies of target frame_id_converter_node[0m
[0.480s] [35m[1mConsolidate compiler generated dependencies of target motor_command_node[0m
[0.482s] [35m[1mConsolidate compiler generated dependencies of target ekf_diff_imu_node[0m
[0.491s] [ 12%] [32mBuilding CXX object CMakeFiles/astar_node.dir/scripts/astar.cpp.o[0m
[0.492s] [ 37%] Built target frame_id_converter_node
[0.493s] [ 62%] Built target motor_command_node
[0.499s] [ 87%] Built target ekf_diff_imu_node
[9.541s] [100%] [32m[1mLinking CXX executable astar_node[0m
[9.981s] [100%] Built target astar_node
[9.989s] Invoked command in '/home/dynamic/Robo/ros2-custom-nav-stack/build/robot_description' returned '0': CMAKE_PREFIX_PATH=${CMAKE_PREFIX_PATH}:/opt/ros/humble /usr/bin/cmake --build /home/dynamic/Robo/ros2-custom-nav-stack/build/robot_description -- -j20 -l20
[9.995s] Invoking command in '/home/dynamic/Robo/ros2-custom-nav-stack/build/robot_description': CMAKE_PREFIX_PATH=${CMAKE_PREFIX_PATH}:/opt/ros/humble /usr/bin/cmake --install /home/dynamic/Robo/ros2-custom-nav-stack/build/robot_description
[10.001s] -- Install configuration: ""
[10.001s] -- Up-to-date: /home/dynamic/Robo/ros2-custom-nav-stack/install/robot_description/share/robot_description/src
[10.001s] -- Up-to-date: /home/dynamic/Robo/ros2-custom-nav-stack/install/robot_description/share/robot_description/src/description
[10.001s] -- Up-to-date: /home/dynamic/Robo/ros2-custom-nav-stack/install/robot_description/share/robot_description/src/description/robot.urdf
[10.001s] -- Up-to-date: /home/dynamic/Robo/ros2-custom-nav-stack/install/robot_description/share/robot_description/src/meshes
[10.001s] -- Up-to-date: /home/dynamic/Robo/ros2-custom-nav-stack/install/robot_description/share/robot_description/src/meshes/Rear_Trailing.STL
[10.001s] -- Up-to-date: /home/dynamic/Robo/ros2-custom-nav-stack/install/robot_description/share/robot_description/src/meshes/Front_Right_Caster_Wheel_Main.STL
[10.001s] -- Up-to-date: /home/dynamic/Robo/ros2-custom-nav-stack/install/robot_description/share/robot_description/src/meshes/wheel.usd
[10.001s] -- Up-to-date: /home/dynamic/Robo/ros2-custom-nav-stack/install/robot_description/share/robot_description/src/meshes/Rear_Right_Caster_Wheel_Main.STL
[10.001s] -- Up-to-date: /home/dynamic/Robo/ros2-custom-nav-stack/install/robot_description/share/robot_description/src/meshes/Front_Left_Caster_Wheel_Main.STL
[10.001s] -- Up-to-date: /home/dynamic/Robo/ros2-custom-nav-stack/install/robot_description/share/robot_description/src/meshes/wheel.STL
[10.001s] -- Up-to-date: /home/dynamic/Robo/ros2-custom-nav-stack/install/robot_description/share/robot_description/src/meshes/chasis.STL
[10.001s] -- Up-to-date: /home/dynamic/Robo/ros2-custom-nav-stack/install/robot_description/share/robot_description/src/meshes/zed.STL
[10.001s] -- Up-to-date: /home/dynamic/Robo/ros2-custom-nav-stack/install/robot_description/share/robot_description/src/meshes/Rear_Left_Caster_Wheel_Main.STL
[10.001s] -- Up-to-date: /home/dynamic/Robo/ros2-custom-nav-stack/install/robot_description/share/robot_description/launch
[10.001s] -- Up-to-date: /home/dynamic/Robo/ros2-custom-nav-stack/install/robot_description/share/robot_description/launch/display.launch.py
[10.001s] -- Up-to-date: /home/dynamic/Robo/ros2-custom-nav-stack/install/robot_description/share/robot_description/launch/gazebo.launch.py
[10.001s] -- Up-to-date: /home/dynamic/Robo/ros2-custom-nav-stack/install/robot_description/share/robot_description/rviz
[10.001s] -- Up-to-date: /home/dynamic/Robo/ros2-custom-nav-stack/install/robot_description/share/robot_description/rviz/c.rviz
[10.001s] -- Up-to-date: /home/dynamic/Robo/ros2-custom-nav-stack/install/robot_description/share/robot_description/rviz/config.rviz
[10.001s] -- Up-to-date: /home/dynamic/Robo/ros2-custom-nav-stack/install/robot_description/share/robot_description/config
[10.001s] -- Up-to-date: /home/dynamic/Robo/ros2-custom-nav-stack/install/robot_description/share/robot_description/config/gz_bridge.yaml
[10.001s] -- Up-to-date: /home/dynamic/Robo/ros2-custom-nav-stack/install/robot_description/share/robot_description/config/rtabmap_slam.yaml
[10.001s] -- Up-to-date: /home/dynamic/Robo/ros2-custom-nav-stack/install/robot_description/share/robot_description/world
[10.001s] -- Up-to-date: /home/dynamic/Robo/ros2-custom-nav-stack/install/robot_description/share/robot_description/world/depot.sdf
[10.001s] -- Up-to-date: /home/dynamic/Robo/ros2-custom-nav-stack/install/robot_description/share/robot_description/world/test.sdf
[10.001s] -- Up-to-date: /home/dynamic/Robo/ros2-custom-nav-stack/install/robot_description/share/robot_description/scripts
[10.001s] -- Up-to-date: /home/dynamic/Robo/ros2-custom-nav-stack/install/robot_description/share/robot_description/scripts/gym_gazebo_env.py
[10.001s] -- Up-to-date: /home/dynamic/Robo/ros2-custom-nav-stack/install/robot_description/share/robot_description/scripts/motor_command.cpp
[10.001s] -- Up-to-date: /home/dynamic/Robo/ros2-custom-nav-stack/install/robot_description/share/robot_description/scripts/frame_id_converter.cpp
[10.002s] -- Up-to-date: /home/dynamic/Robo/ros2-custom-nav-stack/install/robot_description/share/robot_description/scripts/particle_filter.py
[10.002s] -- Up-to-date: /home/dynamic/Robo/ros2-custom-nav-stack/install/robot_description/share/robot_description/scripts/custom_slam.py
[10.002s] -- Up-to-date: /home/dynamic/Robo/ros2-custom-nav-stack/install/robot_description/share/robot_description/scripts/ekf_diff_imu.cpp
[10.002s] -- Up-to-date: /home/dynamic/Robo/ros2-custom-nav-stack/install/robot_description/share/robot_description/scripts/__pycache__
[10.002s] -- Up-to-date: /home/dynamic/Robo/ros2-custom-nav-stack/install/robot_description/share/robot_description/scripts/__pycache__/gym_gazebo_env.cpython-310.pyc
[10.002s] -- Up-to-date: /home/dynamic/Robo/ros2-custom-nav-stack/install/robot_description/share/robot_description/scripts/map_publisher.py
[10.002s] -- Installing: /home/dynamic/Robo/ros2-custom-nav-stack/install/robot_description/share/robot_description/scripts/astar.cpp
[10.002s] -- Up-to-date: /home/dynamic/Robo/ros2-custom-nav-stack/install/robot_description/lib/robot_description/frame_id_converter_node
[10.002s] -- Up-to-date: /home/dynamic/Robo/ros2-custom-nav-stack/install/robot_description/lib/robot_description/ekf_diff_imu_node
[10.002s] -- Up-to-date: /home/dynamic/Robo/ros2-custom-nav-stack/install/robot_description/lib/robot_description/motor_command_node
[10.002s] -- Installing: /home/dynamic/Robo/ros2-custom-nav-stack/install/robot_description/lib/robot_description/astar_node
[10.005s] -- Set runtime path of "/home/dynamic/Robo/ros2-custom-nav-stack/install/robot_description/lib/robot_description/astar_node" to ""
[10.005s] -- Up-to-date: /home/dynamic/Robo/ros2-custom-nav-stack/install/robot_description/lib/robot_description/map_publisher.py
[10.005s] -- Up-to-date: /home/dynamic/Robo/ros2-custom-nav-stack/install/robot_description/lib/robot_description/particle_filter.py
[10.005s] -- Up-to-date: /home/dynamic/Robo/ros2-custom-nav-stack/install/robot_description/lib/robot_description/custom_slam.py
[10.005s] -- Up-to-date: /home/dynamic/Robo/ros2-custom-nav-stack/install/robot_description/share/robot_description/maps
[10.005s] -- Up-to-date: /home/dynamic/Robo/ros2-custom-nav-stack/install/robot_description/share/robot_description/maps/depot.yaml
[10.005s] -- Up-to-date: /home/dynamic/Robo/ros2-custom-nav-stack/install/robot_description/share/robot_description/maps/depot.pgm
[10.005s] -- Up-to-date: /home/dynamic/Robo/ros2-custom-nav-stack/install/robot_description/share/ament_index/resource_index/package_run_dependencies/robot_description
[10.005s] -- Up-to-date: /home/dynamic/Robo/ros2-custom-nav-stack/install/robot_description/share/ament_index/resource_index/parent_prefix_path/robot_description
[10.005s] -- Up-to-date: /home/dynamic/Robo/ros2-custom-nav-stack/install/robot_description/share/robot_description/environment/ament_prefix_path.sh
[10.005s] -- Installing: /home/dynamic/Robo/ros2-custom-nav-stack/install/robot_description/share/robot_description/environment/ament_prefix_path.dsv
[10.005s] -- Up-to-date: /home/dynamic/Robo/ros2-custom-nav-stack/install/robot_description/share/robot_description/environment/path.sh
[10.005s] -- Installing: /home/dynamic/Robo/ros2-custom-nav-stack/install/robot_description/share/robot_description/environment/path.dsv
[10.006s] -- Up-to-date: /home/dynamic/Robo/ros2-custom-nav-stack/install/robot_description/share/robot_description/local_setup.bash
[10.006s] -- Up-to-date: /home/dynamic/Robo/ros2-custom-nav-stack/install/robot_description/share/robot_description/local_setup.sh
[10.006s] -- Up-to-date: /home/dynamic/Robo/ros2-custom-nav-stack/install/robot_description/share/robot_description/local_setup.zsh
[10.006s] -- Installing: /home/dynamic/Robo/ros2-custom-nav-stack/install/robot_description/share/robot_description/local_setup.dsv
[10.006s] -- Installing: /home/dynamic/Robo/ros2-custom-nav-stack/install/robot_description/share/robot_description/package.dsv
[10.006s] -- Up-to-date: /home/dynamic/Robo/ros2-custom-nav-stack/install/robot_description/share/ament_index/resource_index/packages/robot_description
[10.006s] -- Up-to-date: /home/dynamic/Robo/ros2-custom-nav-stack/install/robot_description/share/robot_description/cmake/robot_descriptionConfig.cmake
[10.006s] -- Up-to-date: /home/dynamic/Robo/ros2-custom-nav-stack/install/robot_description/share/robot_description/cmake/robot_descriptionConfig-version.cmake
[10.006s] -- Up-to-date: /home/dynamic/Robo/ros2-custom-nav-stack/install/robot_description/share/robot_description/package.xml
[10.007s] Invoked command in '/home/dynamic/Robo/ros2-custom-nav-stack/build/robot_description' returned '0': CMAKE_PREFIX_PATH=${CMAKE_PREFIX_PATH}:/opt/ros/humble /usr/bin/cmake --install /home/dynamic/Robo/ros2-custom-nav-stack/build/robot_description
