[0.007s] Invoking command in '/home/dynamic/Robo/ros2-custom-nav-stack/build/robot_description': CMAKE_PREFIX_PATH=${CMAKE_PREFIX_PATH}:/opt/ros/humble /usr/bin/cmake --build /home/dynamic/Robo/ros2-custom-nav-stack/build/robot_description -- -j20 -l20
[0.025s] -- Found ament_cmake: 1.3.12 (/opt/ros/humble/share/ament_cmake/cmake)
[0.098s] -- Found rclcpp: 16.0.15 (/opt/ros/humble/share/rclcpp/cmake)
[0.113s] -- Found rosidl_generator_c: 3.1.7 (/opt/ros/humble/share/rosidl_generator_c/cmake)
[0.115s] -- Found rosidl_adapter: 3.1.7 (/opt/ros/humble/share/rosidl_adapter/cmake)
[0.118s] -- Found rosidl_generator_cpp: 3.1.7 (/opt/ros/humble/share/rosidl_generator_cpp/cmake)
[0.123s] -- Using all available rosidl_typesupport_c: rosidl_typesupport_fastrtps_c;rosidl_typesupport_introspection_c
[0.129s] -- Using all available rosidl_typesupport_cpp: rosidl_typesupport_fastrtps_cpp;rosidl_typesupport_introspection_cpp
[0.147s] -- Found rmw_implementation_cmake: 6.1.2 (/opt/ros/humble/share/rmw_implementation_cmake/cmake)
[0.147s] -- Found rmw_fastrtps_cpp: 6.2.9 (/opt/ros/humble/share/rmw_fastrtps_cpp/cmake)
[0.210s] -- Using RMW implementation 'rmw_fastrtps_cpp' as default
[0.236s] -- Found sensor_msgs: 4.9.0 (/opt/ros/humble/share/sensor_msgs/cmake)
[0.251s] -- Found nav_msgs: 4.9.0 (/opt/ros/humble/share/nav_msgs/cmake)
[0.259s] -- Found std_srvs: 4.9.0 (/opt/ros/humble/share/std_srvs/cmake)
[0.264s] -- Found tf2: 0.25.16 (/opt/ros/humble/share/tf2/cmake)
[0.266s] -- Found tf2_ros: 0.25.17 (/opt/ros/humble/share/tf2_ros/cmake)
[0.307s] -- Found rclpy: 3.3.17 (/opt/ros/humble/share/rclpy/cmake)
[0.309s] -- Found ament_lint_auto: 0.12.14 (/opt/ros/humble/share/ament_lint_auto/cmake)
[0.352s] -- Added test 'cppcheck' to perform static code analysis on C / C++ code
[0.352s] -- Configured cppcheck include dirs: 
[0.352s] -- Configured cppcheck exclude dirs and/or files: 
[0.352s] -- Added test 'flake8' to check Python code syntax and style conventions
[0.353s] -- Added test 'lint_cmake' to check CMake code style
[0.353s] -- Added test 'pep257' to check Python code against some of the docstring style conventions in PEP 257
[0.354s] -- Added test 'uncrustify' to check C / C++ code style
[0.354s] -- Configured uncrustify additional arguments: 
[0.354s] -- Added test 'xmllint' to check XML markup files
[0.354s] -- Configuring done
[0.364s] -- Generating done
[0.368s] -- Build files have been written to: /home/dynamic/Robo/ros2-custom-nav-stack/build/robot_description
[0.388s] [35m[1mConsolidate compiler generated dependencies of target ekf_diff_imu_node[0m
[0.388s] [35m[1mConsolidate compiler generated dependencies of target frame_id_converter_node[0m
[0.388s] [35m[1mConsolidate compiler generated dependencies of target motor_command_node[0m
[0.400s] [ 33%] Built target frame_id_converter_node
[0.401s] [ 66%] Built target motor_command_node
[0.402s] [100%] Built target ekf_diff_imu_node
[0.410s] Invoked command in '/home/dynamic/Robo/ros2-custom-nav-stack/build/robot_description' returned '0': CMAKE_PREFIX_PATH=${CMAKE_PREFIX_PATH}:/opt/ros/humble /usr/bin/cmake --build /home/dynamic/Robo/ros2-custom-nav-stack/build/robot_description -- -j20 -l20
[0.418s] Invoking command in '/home/dynamic/Robo/ros2-custom-nav-stack/build/robot_description': CMAKE_PREFIX_PATH=${CMAKE_PREFIX_PATH}:/opt/ros/humble /usr/bin/cmake --install /home/dynamic/Robo/ros2-custom-nav-stack/build/robot_description
[0.423s] -- Install configuration: ""
[0.423s] -- Up-to-date: /home/dynamic/Robo/ros2-custom-nav-stack/install/robot_description/share/robot_description/src
[0.424s] -- Up-to-date: /home/dynamic/Robo/ros2-custom-nav-stack/install/robot_description/share/robot_description/src/description
[0.424s] -- Up-to-date: /home/dynamic/Robo/ros2-custom-nav-stack/install/robot_description/share/robot_description/src/description/robot.urdf
[0.424s] -- Up-to-date: /home/dynamic/Robo/ros2-custom-nav-stack/install/robot_description/share/robot_description/src/meshes
[0.424s] -- Up-to-date: /home/dynamic/Robo/ros2-custom-nav-stack/install/robot_description/share/robot_description/src/meshes/Rear_Trailing.STL
[0.424s] -- Up-to-date: /home/dynamic/Robo/ros2-custom-nav-stack/install/robot_description/share/robot_description/src/meshes/Front_Right_Caster_Wheel_Main.STL
[0.424s] -- Up-to-date: /home/dynamic/Robo/ros2-custom-nav-stack/install/robot_description/share/robot_description/src/meshes/wheel.usd
[0.424s] -- Up-to-date: /home/dynamic/Robo/ros2-custom-nav-stack/install/robot_description/share/robot_description/src/meshes/Rear_Right_Caster_Wheel_Main.STL
[0.424s] -- Up-to-date: /home/dynamic/Robo/ros2-custom-nav-stack/install/robot_description/share/robot_description/src/meshes/Front_Left_Caster_Wheel_Main.STL
[0.424s] -- Up-to-date: /home/dynamic/Robo/ros2-custom-nav-stack/install/robot_description/share/robot_description/src/meshes/wheel.STL
[0.424s] -- Up-to-date: /home/dynamic/Robo/ros2-custom-nav-stack/install/robot_description/share/robot_description/src/meshes/chasis.STL
[0.424s] -- Up-to-date: /home/dynamic/Robo/ros2-custom-nav-stack/install/robot_description/share/robot_description/src/meshes/zed.STL
[0.424s] -- Up-to-date: /home/dynamic/Robo/ros2-custom-nav-stack/install/robot_description/share/robot_description/src/meshes/Rear_Left_Caster_Wheel_Main.STL
[0.424s] -- Up-to-date: /home/dynamic/Robo/ros2-custom-nav-stack/install/robot_description/share/robot_description/launch
[0.424s] -- Up-to-date: /home/dynamic/Robo/ros2-custom-nav-stack/install/robot_description/share/robot_description/launch/display.launch.py
[0.424s] -- Up-to-date: /home/dynamic/Robo/ros2-custom-nav-stack/install/robot_description/share/robot_description/launch/gazebo.launch.py
[0.424s] -- Up-to-date: /home/dynamic/Robo/ros2-custom-nav-stack/install/robot_description/share/robot_description/rviz
[0.424s] -- Up-to-date: /home/dynamic/Robo/ros2-custom-nav-stack/install/robot_description/share/robot_description/rviz/c.rviz
[0.424s] -- Up-to-date: /home/dynamic/Robo/ros2-custom-nav-stack/install/robot_description/share/robot_description/rviz/config.rviz
[0.424s] -- Up-to-date: /home/dynamic/Robo/ros2-custom-nav-stack/install/robot_description/share/robot_description/config
[0.424s] -- Up-to-date: /home/dynamic/Robo/ros2-custom-nav-stack/install/robot_description/share/robot_description/config/gz_bridge.yaml
[0.424s] -- Up-to-date: /home/dynamic/Robo/ros2-custom-nav-stack/install/robot_description/share/robot_description/config/rtabmap_slam.yaml
[0.424s] -- Up-to-date: /home/dynamic/Robo/ros2-custom-nav-stack/install/robot_description/share/robot_description/world
[0.424s] -- Up-to-date: /home/dynamic/Robo/ros2-custom-nav-stack/install/robot_description/share/robot_description/world/depot.sdf
[0.424s] -- Up-to-date: /home/dynamic/Robo/ros2-custom-nav-stack/install/robot_description/share/robot_description/world/test.sdf
[0.424s] -- Up-to-date: /home/dynamic/Robo/ros2-custom-nav-stack/install/robot_description/share/robot_description/scripts
[0.424s] -- Up-to-date: /home/dynamic/Robo/ros2-custom-nav-stack/install/robot_description/share/robot_description/scripts/gym_gazebo_env.py
[0.424s] -- Up-to-date: /home/dynamic/Robo/ros2-custom-nav-stack/install/robot_description/share/robot_description/scripts/motor_command.cpp
[0.424s] -- Up-to-date: /home/dynamic/Robo/ros2-custom-nav-stack/install/robot_description/share/robot_description/scripts/frame_id_converter.cpp
[0.424s] -- Up-to-date: /home/dynamic/Robo/ros2-custom-nav-stack/install/robot_description/share/robot_description/scripts/particle_filter.py
[0.425s] -- Up-to-date: /home/dynamic/Robo/ros2-custom-nav-stack/install/robot_description/share/robot_description/scripts/custom_slam.py
[0.425s] -- Up-to-date: /home/dynamic/Robo/ros2-custom-nav-stack/install/robot_description/share/robot_description/scripts/ekf_diff_imu.cpp
[0.425s] -- Up-to-date: /home/dynamic/Robo/ros2-custom-nav-stack/install/robot_description/share/robot_description/scripts/__pycache__
[0.425s] -- Up-to-date: /home/dynamic/Robo/ros2-custom-nav-stack/install/robot_description/share/robot_description/scripts/__pycache__/gym_gazebo_env.cpython-310.pyc
[0.425s] -- Up-to-date: /home/dynamic/Robo/ros2-custom-nav-stack/install/robot_description/share/robot_description/scripts/map_publisher.py
[0.425s] -- Up-to-date: /home/dynamic/Robo/ros2-custom-nav-stack/install/robot_description/share/robot_description/scripts/astar.cpp
[0.425s] -- Up-to-date: /home/dynamic/Robo/ros2-custom-nav-stack/install/robot_description/lib/robot_description/frame_id_converter_node
[0.425s] -- Up-to-date: /home/dynamic/Robo/ros2-custom-nav-stack/install/robot_description/lib/robot_description/ekf_diff_imu_node
[0.425s] -- Up-to-date: /home/dynamic/Robo/ros2-custom-nav-stack/install/robot_description/lib/robot_description/motor_command_node
[0.425s] -- Up-to-date: /home/dynamic/Robo/ros2-custom-nav-stack/install/robot_description/lib/robot_description/map_publisher.py
[0.425s] -- Up-to-date: /home/dynamic/Robo/ros2-custom-nav-stack/install/robot_description/lib/robot_description/particle_filter.py
[0.425s] -- Installing: /home/dynamic/Robo/ros2-custom-nav-stack/install/robot_description/lib/robot_description/custom_slam.py
[0.425s] -- Installing: /home/dynamic/Robo/ros2-custom-nav-stack/install/robot_description/share/robot_description/maps
[0.425s] -- Installing: /home/dynamic/Robo/ros2-custom-nav-stack/install/robot_description/share/robot_description/maps/depot.yaml
[0.425s] -- Installing: /home/dynamic/Robo/ros2-custom-nav-stack/install/robot_description/share/robot_description/maps/depot.pgm
[0.425s] -- Installing: /home/dynamic/Robo/ros2-custom-nav-stack/install/robot_description/share/ament_index/resource_index/package_run_dependencies/robot_description
[0.425s] -- Installing: /home/dynamic/Robo/ros2-custom-nav-stack/install/robot_description/share/ament_index/resource_index/parent_prefix_path/robot_description
[0.425s] -- Installing: /home/dynamic/Robo/ros2-custom-nav-stack/install/robot_description/share/robot_description/environment/ament_prefix_path.sh
[0.426s] -- Installing: /home/dynamic/Robo/ros2-custom-nav-stack/install/robot_description/share/robot_description/environment/ament_prefix_path.dsv
[0.426s] -- Installing: /home/dynamic/Robo/ros2-custom-nav-stack/install/robot_description/share/robot_description/environment/path.sh
[0.426s] -- Installing: /home/dynamic/Robo/ros2-custom-nav-stack/install/robot_description/share/robot_description/environment/path.dsv
[0.426s] -- Installing: /home/dynamic/Robo/ros2-custom-nav-stack/install/robot_description/share/robot_description/local_setup.bash
[0.426s] -- Installing: /home/dynamic/Robo/ros2-custom-nav-stack/install/robot_description/share/robot_description/local_setup.sh
[0.426s] -- Installing: /home/dynamic/Robo/ros2-custom-nav-stack/install/robot_description/share/robot_description/local_setup.zsh
[0.426s] -- Installing: /home/dynamic/Robo/ros2-custom-nav-stack/install/robot_description/share/robot_description/local_setup.dsv
[0.426s] -- Installing: /home/dynamic/Robo/ros2-custom-nav-stack/install/robot_description/share/robot_description/package.dsv
[0.426s] -- Installing: /home/dynamic/Robo/ros2-custom-nav-stack/install/robot_description/share/ament_index/resource_index/packages/robot_description
[0.426s] -- Installing: /home/dynamic/Robo/ros2-custom-nav-stack/install/robot_description/share/robot_description/cmake/robot_descriptionConfig.cmake
[0.426s] -- Installing: /home/dynamic/Robo/ros2-custom-nav-stack/install/robot_description/share/robot_description/cmake/robot_descriptionConfig-version.cmake
[0.426s] -- Installing: /home/dynamic/Robo/ros2-custom-nav-stack/install/robot_description/share/robot_description/package.xml
[0.428s] Invoked command in '/home/dynamic/Robo/ros2-custom-nav-stack/build/robot_description' returned '0': CMAKE_PREFIX_PATH=${CMAKE_PREFIX_PATH}:/opt/ros/humble /usr/bin/cmake --install /home/dynamic/Robo/ros2-custom-nav-stack/build/robot_description
