[0.008s] Invoking command in '/home/dynamic/Robo/ros2-custom-nav-stack/build/robot_description': CMAKE_PREFIX_PATH=${CMAKE_PREFIX_PATH}:/opt/ros/humble /usr/bin/cmake --build /home/dynamic/Robo/ros2-custom-nav-stack/build/robot_description -- -j20 -l20
[0.033s] -- Found ament_cmake: 1.3.12 (/opt/ros/humble/share/ament_cmake/cmake)
[0.113s] -- Found rclcpp: 16.0.15 (/opt/ros/humble/share/rclcpp/cmake)
[0.138s] -- Found rosidl_generator_c: 3.1.7 (/opt/ros/humble/share/rosidl_generator_c/cmake)
[0.140s] -- Found rosidl_adapter: 3.1.7 (/opt/ros/humble/share/rosidl_adapter/cmake)
[0.145s] -- Found rosidl_generator_cpp: 3.1.7 (/opt/ros/humble/share/rosidl_generator_cpp/cmake)
[0.153s] -- Using all available rosidl_typesupport_c: rosidl_typesupport_fastrtps_c;rosidl_typesupport_introspection_c
[0.161s] -- Using all available rosidl_typesupport_cpp: rosidl_typesupport_fastrtps_cpp;rosidl_typesupport_introspection_cpp
[0.187s] -- Found rmw_implementation_cmake: 6.1.2 (/opt/ros/humble/share/rmw_implementation_cmake/cmake)
[0.188s] -- Found rmw_fastrtps_cpp: 6.2.9 (/opt/ros/humble/share/rmw_fastrtps_cpp/cmake)
[0.257s] -- Using RMW implementation 'rmw_fastrtps_cpp' as default
[0.297s] -- Found sensor_msgs: 4.9.0 (/opt/ros/humble/share/sensor_msgs/cmake)
[0.319s] -- Found nav_msgs: 4.9.0 (/opt/ros/humble/share/nav_msgs/cmake)
[0.330s] -- Found std_srvs: 4.9.0 (/opt/ros/humble/share/std_srvs/cmake)
[0.337s] -- Found tf2: 0.25.16 (/opt/ros/humble/share/tf2/cmake)
[0.341s] -- Found tf2_ros: 0.25.17 (/opt/ros/humble/share/tf2_ros/cmake)
[0.396s] -- Found rclpy: 3.3.17 (/opt/ros/humble/share/rclpy/cmake)
[0.398s] -- Configuring incomplete, errors occurred!
[0.398s] See also "/home/dynamic/Robo/ros2-custom-nav-stack/build/robot_description/CMakeFiles/CMakeOutput.log".
[0.399s] [31mCMake Error at /opt/ros/humble/share/ament_cmake_target_dependencies/cmake/ament_target_dependencies.cmake:77 (message):
[0.399s]   ament_target_dependencies() the passed package name 'tf2_geometry_msgs' was
[0.399s]   not found before
[0.399s] Call Stack (most recent call first):
[0.399s]   CMakeLists.txt:42 (ament_target_dependencies)
[0.399s] 
[0.399s] [0m
[0.404s] gmake: *** [Makefile:349: cmake_check_build_system] Error 1
[0.407s] Invoked command in '/home/dynamic/Robo/ros2-custom-nav-stack/build/robot_description' returned '2': CMAKE_PREFIX_PATH=${CMAKE_PREFIX_PATH}:/opt/ros/humble /usr/bin/cmake --build /home/dynamic/Robo/ros2-custom-nav-stack/build/robot_description -- -j20 -l20
