[0.006s] Invoking command in '/home/dynamic/Robo/ros2-custom-nav-stack/build/robot_description': CMAKE_PREFIX_PATH=${CMAKE_PREFIX_PATH}:/opt/ros/humble /usr/bin/cmake /home/dynamic/Robo/ros2-custom-nav-stack/src/robot_description -DCMAKE_INSTALL_PREFIX=/home/dynamic/Robo/ros2-custom-nav-stack/install/robot_description
[0.063s] -- The C compiler identification is GNU 11.4.0
[0.101s] -- The CXX compiler identification is GNU 11.4.0
[0.106s] -- Detecting C compiler ABI info
[0.160s] -- Detecting C compiler ABI info - done
[0.165s] -- Check for working C compiler: /usr/bin/cc - skipped
[0.165s] -- Detecting C compile features
[0.165s] -- Detecting C compile features - done
[0.167s] -- Detecting CXX compiler ABI info
[0.233s] -- Detecting CXX compiler ABI info - done
[0.238s] -- Check for working CXX compiler: /usr/bin/c++ - skipped
[0.238s] -- Detecting CXX compile features
[0.239s] -- Detecting CXX compile features - done
[0.240s] -- Found ament_cmake: 1.3.12 (/opt/ros/humble/share/ament_cmake/cmake)
[0.350s] -- Found Python3: /usr/bin/python3 (found version "3.10.12") found components: Interpreter 
[0.410s] -- Found rclcpp: 16.0.15 (/opt/ros/humble/share/rclcpp/cmake)
[0.437s] -- Found rosidl_generator_c: 3.1.7 (/opt/ros/humble/share/rosidl_generator_c/cmake)
[0.440s] -- Found rosidl_adapter: 3.1.7 (/opt/ros/humble/share/rosidl_adapter/cmake)
[0.445s] -- Found rosidl_generator_cpp: 3.1.7 (/opt/ros/humble/share/rosidl_generator_cpp/cmake)
[0.452s] -- Using all available rosidl_typesupport_c: rosidl_typesupport_fastrtps_c;rosidl_typesupport_introspection_c
[0.462s] -- Using all available rosidl_typesupport_cpp: rosidl_typesupport_fastrtps_cpp;rosidl_typesupport_introspection_cpp
[0.489s] -- Found rmw_implementation_cmake: 6.1.2 (/opt/ros/humble/share/rmw_implementation_cmake/cmake)
[0.491s] -- Found rmw_fastrtps_cpp: 6.2.9 (/opt/ros/humble/share/rmw_fastrtps_cpp/cmake)
[0.558s] -- Found OpenSSL: /usr/lib/x86_64-linux-gnu/libcrypto.so (found version "3.0.2")  
[0.577s] -- Found FastRTPS: /opt/ros/humble/include  
[0.604s] -- Using RMW implementation 'rmw_fastrtps_cpp' as default
[0.608s] -- Looking for pthread.h
[0.663s] -- Looking for pthread.h - found
[0.663s] -- Performing Test CMAKE_HAVE_LIBC_PTHREAD
[0.719s] -- Performing Test CMAKE_HAVE_LIBC_PTHREAD - Success
[0.719s] -- Found Threads: TRUE  
[0.752s] -- Found sensor_msgs: 4.9.0 (/opt/ros/humble/share/sensor_msgs/cmake)
[0.773s] -- Found nav_msgs: 4.9.0 (/opt/ros/humble/share/nav_msgs/cmake)
[0.784s] -- Found std_srvs: 4.9.0 (/opt/ros/humble/share/std_srvs/cmake)
[0.791s] -- Found tf2: 0.25.16 (/opt/ros/humble/share/tf2/cmake)
[0.803s] -- Found tf2_ros: 0.25.17 (/opt/ros/humble/share/tf2_ros/cmake)
[0.871s] -- Found rclpy: 3.3.17 (/opt/ros/humble/share/rclpy/cmake)
[0.875s] -- Found ament_lint_auto: 0.12.14 (/opt/ros/humble/share/ament_lint_auto/cmake)
[0.931s] -- Added test 'cppcheck' to perform static code analysis on C / C++ code
[0.931s] -- Configured cppcheck include dirs: 
[0.931s] -- Configured cppcheck exclude dirs and/or files: 
[0.931s] -- Added test 'flake8' to check Python code syntax and style conventions
[0.932s] -- Added test 'lint_cmake' to check CMake code style
[0.932s] -- Added test 'pep257' to check Python code against some of the docstring style conventions in PEP 257
[0.933s] -- Added test 'uncrustify' to check C / C++ code style
[0.933s] -- Configured uncrustify additional arguments: 
[0.934s] -- Added test 'xmllint' to check XML markup files
[0.935s] -- Configuring done
[0.946s] -- Generating done
[0.951s] -- Build files have been written to: /home/dynamic/Robo/ros2-custom-nav-stack/build/robot_description
[0.961s] Invoked command in '/home/dynamic/Robo/ros2-custom-nav-stack/build/robot_description' returned '0': CMAKE_PREFIX_PATH=${CMAKE_PREFIX_PATH}:/opt/ros/humble /usr/bin/cmake /home/dynamic/Robo/ros2-custom-nav-stack/src/robot_description -DCMAKE_INSTALL_PREFIX=/home/dynamic/Robo/ros2-custom-nav-stack/install/robot_description
[0.963s] Invoking command in '/home/dynamic/Robo/ros2-custom-nav-stack/build/robot_description': CMAKE_PREFIX_PATH=${CMAKE_PREFIX_PATH}:/opt/ros/humble /usr/bin/cmake --build /home/dynamic/Robo/ros2-custom-nav-stack/build/robot_description -- -j20 -l20
[1.006s] [ 16%] [32mBuilding CXX object CMakeFiles/ekf_diff_imu_node.dir/scripts/ekf_diff_imu.cpp.o[0m
[1.007s] [ 33%] [32mBuilding CXX object CMakeFiles/frame_id_converter_node.dir/scripts/frame_id_converter.cpp.o[0m
[1.009s] [ 50%] [32mBuilding CXX object CMakeFiles/motor_command_node.dir/scripts/motor_command.cpp.o[0m
[7.911s] [ 66%] [32m[1mLinking CXX executable frame_id_converter_node[0m
[8.084s] [ 83%] [32m[1mLinking CXX executable motor_command_node[0m
[8.326s] [ 83%] Built target frame_id_converter_node
[8.436s] [ 83%] Built target motor_command_node
[11.873s] [100%] [32m[1mLinking CXX executable ekf_diff_imu_node[0m
[12.382s] [100%] Built target ekf_diff_imu_node
[12.393s] Invoked command in '/home/dynamic/Robo/ros2-custom-nav-stack/build/robot_description' returned '0': CMAKE_PREFIX_PATH=${CMAKE_PREFIX_PATH}:/opt/ros/humble /usr/bin/cmake --build /home/dynamic/Robo/ros2-custom-nav-stack/build/robot_description -- -j20 -l20
[12.401s] Invoking command in '/home/dynamic/Robo/ros2-custom-nav-stack/build/robot_description': CMAKE_PREFIX_PATH=${CMAKE_PREFIX_PATH}:/opt/ros/humble /usr/bin/cmake --install /home/dynamic/Robo/ros2-custom-nav-stack/build/robot_description
[12.406s] -- Install configuration: ""
[12.406s] -- Installing: /home/dynamic/Robo/ros2-custom-nav-stack/install/robot_description/share/robot_description/src
[12.406s] -- Installing: /home/dynamic/Robo/ros2-custom-nav-stack/install/robot_description/share/robot_description/src/description
[12.406s] -- Installing: /home/dynamic/Robo/ros2-custom-nav-stack/install/robot_description/share/robot_description/src/description/robot.urdf
[12.406s] -- Installing: /home/dynamic/Robo/ros2-custom-nav-stack/install/robot_description/share/robot_description/src/meshes
[12.406s] -- Installing: /home/dynamic/Robo/ros2-custom-nav-stack/install/robot_description/share/robot_description/src/meshes/Rear_Trailing.STL
[12.408s] -- Installing: /home/dynamic/Robo/ros2-custom-nav-stack/install/robot_description/share/robot_description/src/meshes/Front_Right_Caster_Wheel_Main.STL
[12.408s] -- Installing: /home/dynamic/Robo/ros2-custom-nav-stack/install/robot_description/share/robot_description/src/meshes/wheel.usd
[12.408s] -- Installing: /home/dynamic/Robo/ros2-custom-nav-stack/install/robot_description/share/robot_description/src/meshes/Rear_Right_Caster_Wheel_Main.STL
[12.409s] -- Installing: /home/dynamic/Robo/ros2-custom-nav-stack/install/robot_description/share/robot_description/src/meshes/Front_Left_Caster_Wheel_Main.STL
[12.409s] -- Installing: /home/dynamic/Robo/ros2-custom-nav-stack/install/robot_description/share/robot_description/src/meshes/wheel.STL
[12.410s] -- Installing: /home/dynamic/Robo/ros2-custom-nav-stack/install/robot_description/share/robot_description/src/meshes/chasis.STL
[12.425s] -- Installing: /home/dynamic/Robo/ros2-custom-nav-stack/install/robot_description/share/robot_description/src/meshes/zed.STL
[12.425s] -- Installing: /home/dynamic/Robo/ros2-custom-nav-stack/install/robot_description/share/robot_description/src/meshes/Rear_Left_Caster_Wheel_Main.STL
[12.425s] -- Installing: /home/dynamic/Robo/ros2-custom-nav-stack/install/robot_description/share/robot_description/launch
[12.425s] -- Installing: /home/dynamic/Robo/ros2-custom-nav-stack/install/robot_description/share/robot_description/launch/display.launch.py
[12.425s] -- Installing: /home/dynamic/Robo/ros2-custom-nav-stack/install/robot_description/share/robot_description/launch/gazebo.launch.py
[12.426s] -- Installing: /home/dynamic/Robo/ros2-custom-nav-stack/install/robot_description/share/robot_description/rviz
[12.426s] -- Installing: /home/dynamic/Robo/ros2-custom-nav-stack/install/robot_description/share/robot_description/rviz/c.rviz
[12.426s] -- Installing: /home/dynamic/Robo/ros2-custom-nav-stack/install/robot_description/share/robot_description/rviz/config.rviz
[12.426s] -- Installing: /home/dynamic/Robo/ros2-custom-nav-stack/install/robot_description/share/robot_description/config
[12.426s] -- Installing: /home/dynamic/Robo/ros2-custom-nav-stack/install/robot_description/share/robot_description/config/gz_bridge.yaml
[12.426s] -- Installing: /home/dynamic/Robo/ros2-custom-nav-stack/install/robot_description/share/robot_description/config/rtabmap_slam.yaml
[12.426s] -- Installing: /home/dynamic/Robo/ros2-custom-nav-stack/install/robot_description/share/robot_description/world
[12.426s] -- Installing: /home/dynamic/Robo/ros2-custom-nav-stack/install/robot_description/share/robot_description/world/depot.sdf
[12.426s] -- Installing: /home/dynamic/Robo/ros2-custom-nav-stack/install/robot_description/share/robot_description/world/test.sdf
[12.427s] -- Installing: /home/dynamic/Robo/ros2-custom-nav-stack/install/robot_description/share/robot_description/scripts
[12.427s] -- Installing: /home/dynamic/Robo/ros2-custom-nav-stack/install/robot_description/share/robot_description/scripts/gym_gazebo_env.py
[12.427s] -- Installing: /home/dynamic/Robo/ros2-custom-nav-stack/install/robot_description/share/robot_description/scripts/motor_command.cpp
[12.427s] -- Installing: /home/dynamic/Robo/ros2-custom-nav-stack/install/robot_description/share/robot_description/scripts/frame_id_converter.cpp
[12.427s] -- Installing: /home/dynamic/Robo/ros2-custom-nav-stack/install/robot_description/share/robot_description/scripts/particle_filter.py
[12.427s] -- Installing: /home/dynamic/Robo/ros2-custom-nav-stack/install/robot_description/share/robot_description/scripts/custom_slam.py
[12.427s] -- Installing: /home/dynamic/Robo/ros2-custom-nav-stack/install/robot_description/share/robot_description/scripts/ekf_diff_imu.cpp
[12.427s] -- Installing: /home/dynamic/Robo/ros2-custom-nav-stack/install/robot_description/share/robot_description/scripts/__pycache__
[12.427s] -- Installing: /home/dynamic/Robo/ros2-custom-nav-stack/install/robot_description/share/robot_description/scripts/__pycache__/gym_gazebo_env.cpython-310.pyc
[12.427s] -- Installing: /home/dynamic/Robo/ros2-custom-nav-stack/install/robot_description/share/robot_description/scripts/map_publisher.py
[12.427s] -- Installing: /home/dynamic/Robo/ros2-custom-nav-stack/install/robot_description/share/robot_description/scripts/astar.cpp
[12.427s] -- Installing: /home/dynamic/Robo/ros2-custom-nav-stack/install/robot_description/lib/robot_description/frame_id_converter_node
[12.429s] -- Set runtime path of "/home/dynamic/Robo/ros2-custom-nav-stack/install/robot_description/lib/robot_description/frame_id_converter_node" to ""
[12.429s] -- Installing: /home/dynamic/Robo/ros2-custom-nav-stack/install/robot_description/lib/robot_description/ekf_diff_imu_node
[12.432s] -- Set runtime path of "/home/dynamic/Robo/ros2-custom-nav-stack/install/robot_description/lib/robot_description/ekf_diff_imu_node" to ""
[12.432s] -- Installing: /home/dynamic/Robo/ros2-custom-nav-stack/install/robot_description/lib/robot_description/motor_command_node
[12.434s] -- Set runtime path of "/home/dynamic/Robo/ros2-custom-nav-stack/install/robot_description/lib/robot_description/motor_command_node" to ""
[12.434s] -- Installing: /home/dynamic/Robo/ros2-custom-nav-stack/install/robot_description/lib/robot_description/map_publisher.py
[12.434s] -- Installing: /home/dynamic/Robo/ros2-custom-nav-stack/install/robot_description/lib/robot_description/particle_filter.py
[12.435s] [31mCMake Error at cmake_install.cmake:117 (file):
[12.435s]   file INSTALL cannot find
[12.435s]   "/home/dynamic/Robo/ros2-custom-nav-stack/src/robot_description/scripts/a_star_planner.py":
[12.435s]   No such file or directory.
[12.435s] 
[12.435s] [0m
[12.437s] Invoked command in '/home/dynamic/Robo/ros2-custom-nav-stack/build/robot_description' returned '1': CMAKE_PREFIX_PATH=${CMAKE_PREFIX_PATH}:/opt/ros/humble /usr/bin/cmake --install /home/dynamic/Robo/ros2-custom-nav-stack/build/robot_description
